# JRE version: OpenJDK Runtime Environment (8.0_212-b03) (build 1.8.0_212-8u212-b03-0ubuntu1.16.04.1-b03)
# Java VM: OpenJDK 64-Bit Server VM (25.212-b03 mixed mode linux-amd64 compressed oops)
Heap:
 PSYoungGen      total 314880K, used 105810K [0x00000000e7000000, 0x0000000100000000, 0x0000000100000000)
  eden space 242688K, 18% used [0x00000000e7000000,0x00000000e9bd9c90,0x00000000f5d00000)
  from space 72192K, 84% used [0x00000000fb980000,0x00000000ff4fac88,0x0000000100000000)
  to   space 83456K, 0% used [0x00000000f5d00000,0x00000000f5d00000,0x00000000fae80000)
 ParOldGen       total 275968K, used 122705K [0x00000000b5000000, 0x00000000c5d80000, 0x00000000e7000000)
  object space 275968K, 44% used [0x00000000b5000000,0x00000000bc7d4490,0x00000000c5d80000)
 Metaspace       used 131908K, capacity 147938K, committed 148224K, reserved 1177600K
  class space    used 15276K, capacity 19336K, committed 19456K, reserved 1048576K
GC Heap History (10 events):
Event: 73.027 GC heap before
{Heap before GC invocations=40 (full 10):
 PSYoungGen      total 349696K, used 349694K [0x00000000e7000000, 0x0000000100000000, 0x0000000100000000)
  eden space 309248K, 100% used [0x00000000e7000000,0x00000000f9e00000,0x00000000f9e00000)
  from space 40448K, 99% used [0x00000000f9e00000,0x00000000fc57fad8,0x00000000fc580000)
  to   space 49664K, 0% used [0x00000000fcf80000,0x00000000fcf80000,0x0000000100000000)
 ParOldGen       total 275968K, used 122673K [0x00000000b5000000, 0x00000000c5d80000, 0x00000000e7000000)
  object space 275968K, 44% used [0x00000000b5000000,0x00000000bc7cc490,0x00000000c5d80000)
 Metaspace       used 120121K, capacity 134688K, committed 134912K, reserved 1167360K
  class space    used 14090K, capacity 17892K, committed 17920K, reserved 1048576K
Event: 73.068 GC heap after
Heap after GC invocations=40 (full 10):
 PSYoungGen      total 347648K, used 44078K [0x00000000e7000000, 0x0000000100000000, 0x0000000100000000)
  eden space 297984K, 0% used [0x00000000e7000000,0x00000000e7000000,0x00000000f9300000)
  from space 49664K, 88% used [0x00000000fcf80000,0x00000000ffa8bad8,0x0000000100000000)
  to   space 55808K, 0% used [0x00000000f9300000,0x00000000f9300000,0x00000000fc980000)
 ParOldGen       total 275968K, used 122673K [0x00000000b5000000, 0x00000000c5d80000, 0x00000000e7000000)
  object space 275968K, 44% used [0x00000000b5000000,0x00000000bc7cc490,0x00000000c5d80000)
 Metaspace       used 120121K, capacity 134688K, committed 134912K, reserved 1167360K
  class space    used 14090K, capacity 17892K, committed 17920K, reserved 1048576K
}
Event: 81.734 GC heap before
{Heap before GC invocations=41 (full 10):
 PSYoungGen      total 347648K, used 342062K [0x00000000e7000000, 0x0000000100000000, 0x0000000100000000)
  eden space 297984K, 100% used [0x00000000e7000000,0x00000000f9300000,0x00000000f9300000)
  from space 49664K, 88% used [0x00000000fcf80000,0x00000000ffa8bad8,0x0000000100000000)
  to   space 55808K, 0% used [0x00000000f9300000,0x00000000f9300000,0x00000000fc980000)
 ParOldGen       total 275968K, used 122673K [0x00000000b5000000, 0x00000000c5d80000, 0x00000000e7000000)
  object space 275968K, 44% used [0x00000000b5000000,0x00000000bc7cc490,0x00000000c5d80000)
 Metaspace       used 120391K, capacity 135132K, committed 135296K, reserved 1167360K
  class space    used 14116K, capacity 17942K, committed 18048K, reserved 1048576K
Event: 81.797 GC heap after
Heap after GC invocations=41 (full 10):
 PSYoungGen      total 343040K, used 44804K [0x00000000e7000000, 0x0000000100000000, 0x0000000100000000)
  eden space 297984K, 0% used [0x00000000e7000000,0x00000000e7000000,0x00000000f9300000)
  from space 45056K, 99% used [0x00000000f9300000,0x00000000fbec10b0,0x00000000fbf00000)
  to   space 60416K, 0% used [0x00000000fc500000,0x00000000fc500000,0x0000000100000000)
 ParOldGen       total 275968K, used 122681K [0x00000000b5000000, 0x00000000c5d80000, 0x00000000e7000000)
  object space 275968K, 44% used [0x00000000b5000000,0x00000000bc7ce490,0x00000000c5d80000)
 Metaspace       used 120391K, capacity 135132K, committed 135296K, reserved 1167360K
  class space    used 14116K, capacity 17942K, committed 18048K, reserved 1048576K
}
Event: 119.865 GC heap before
{Heap before GC invocations=42 (full 10):
 PSYoungGen      total 343040K, used 342788K [0x00000000e7000000, 0x0000000100000000, 0x0000000100000000)
  eden space 297984K, 100% used [0x00000000e7000000,0x00000000f9300000,0x00000000f9300000)
  from space 45056K, 99% used [0x00000000f9300000,0x00000000fbec10b0,0x00000000fbf00000)
  to   space 60416K, 0% used [0x00000000fc500000,0x00000000fc500000,0x0000000100000000)
 ParOldGen       total 275968K, used 122681K [0x00000000b5000000, 0x00000000c5d80000, 0x00000000e7000000)
  object space 275968K, 44% used [0x00000000b5000000,0x00000000bc7ce490,0x00000000c5d80000)
 Metaspace       used 121955K, capacity 136962K, committed 137216K, reserved 1169408K
  class space    used 14274K, capacity 18165K, committed 18176K, reserved 1048576K
Event: 119.916 GC heap after
Heap after GC invocations=42 (full 10):
 PSYoungGen      total 333824K, used 54739K [0x00000000e7000000, 0x0000000100000000, 0x0000000100000000)
  eden space 273408K, 0% used [0x00000000e7000000,0x00000000e7000000,0x00000000f7b00000)
  from space 60416K, 90% used [0x00000000fc500000,0x00000000ffa74ef8,0x0000000100000000)
  to   space 68096K, 0% used [0x00000000f7b00000,0x00000000f7b00000,0x00000000fbd80000)
 ParOldGen       total 275968K, used 122689K [0x00000000b5000000, 0x00000000c5d80000, 0x00000000e7000000)
  object space 275968K, 44% used [0x00000000b5000000,0x00000000bc7d0490,0x00000000c5d80000)
 Metaspace       used 121955K, capacity 136962K, committed 137216K, reserved 1169408K
  class space    used 14274K, capacity 18165K, committed 18176K, reserved 1048576K
}
Event: 150.433 GC heap before
{Heap before GC invocations=43 (full 10):
 PSYoungGen      total 333824K, used 328147K [0x00000000e7000000, 0x0000000100000000, 0x0000000100000000)
  eden space 273408K, 100% used [0x00000000e7000000,0x00000000f7b00000,0x00000000f7b00000)
  from space 60416K, 90% used [0x00000000fc500000,0x00000000ffa74ef8,0x0000000100000000)
  to   space 68096K, 0% used [0x00000000f7b00000,0x00000000f7b00000,0x00000000fbd80000)
 ParOldGen       total 275968K, used 122689K [0x00000000b5000000, 0x00000000c5d80000, 0x00000000e7000000)
  object space 275968K, 44% used [0x00000000b5000000,0x00000000bc7d0490,0x00000000c5d80000)
 Metaspace       used 129668K, capacity 145444K, committed 145664K, reserved 1175552K
  class space    used 15074K, capacity 19124K, committed 19200K, reserved 1048576K
Event: 150.487 GC heap after
Heap after GC invocations=43 (full 10):
 PSYoungGen      total 337408K, used 63745K [0x00000000e7000000, 0x0000000100000000, 0x0000000100000000)
  eden space 273408K, 0% used [0x00000000e7000000,0x00000000e7000000,0x00000000f7b00000)
  from space 64000K, 99% used [0x00000000f7b00000,0x00000000fb940440,0x00000000fb980000)
  to   space 72192K, 0% used [0x00000000fb980000,0x00000000fb980000,0x0000000100000000)
 ParOldGen       total 275968K, used 122697K [0x00000000b5000000, 0x00000000c5d80000, 0x00000000e7000000)
  object space 275968K, 44% used [0x00000000b5000000,0x00000000bc7d2490,0x00000000c5d80000)
 Metaspace       used 129668K, capacity 145444K, committed 145664K, reserved 1175552K
  class space    used 15074K, capacity 19124K, committed 19200K, reserved 1048576K
}
Event: 258.597 GC heap before
{Heap before GC invocations=44 (full 10):
 PSYoungGen      total 337408K, used 336661K [0x00000000e7000000, 0x0000000100000000, 0x0000000100000000)
  eden space 273408K, 99% used [0x00000000e7000000,0x00000000f7a85068,0x00000000f7b00000)
  from space 64000K, 99% used [0x00000000f7b00000,0x00000000fb940440,0x00000000fb980000)
  to   space 72192K, 0% used [0x00000000fb980000,0x00000000fb980000,0x0000000100000000)
 ParOldGen       total 275968K, used 122697K [0x00000000b5000000, 0x00000000c5d80000, 0x00000000e7000000)
  object space 275968K, 44% used [0x00000000b5000000,0x00000000bc7d2490,0x00000000c5d80000)
 Metaspace       used 131749K, capacity 147866K, committed 148224K, reserved 1177600K
  class space    used 15261K, capacity 19336K, committed 19456K, reserved 1048576K
Event: 258.642 GC heap after
Heap after GC invocations=44 (full 10):
 PSYoungGen      total 314880K, used 60907K [0x00000000e7000000, 0x0000000100000000, 0x0000000100000000)
  eden space 242688K, 0% used [0x00000000e7000000,0x00000000e7000000,0x00000000f5d00000)
  from space 72192K, 84% used [0x00000000fb980000,0x00000000ff4fac88,0x0000000100000000)
  to   space 83456K, 0% used [0x00000000f5d00000,0x00000000f5d00000,0x00000000fae80000)
 ParOldGen       total 275968K, used 122705K [0x00000000b5000000, 0x00000000c5d80000, 0x00000000e7000000)
  object space 275968K, 44% used [0x00000000b5000000,0x00000000bc7d4490,0x00000000c5d80000)
 Metaspace       used 131749K, capacity 147866K, committed 148224K, reserved 1177600K
  class space    used 15261K, capacity 19336K, committed 19456K, reserved 1048576K
}

